#-----------------------------------------------------------
# Vivado v2020.2 (64-bit)
# SW Build 3064766 on Wed Nov 18 09:12:45 MST 2020
# IP Build 3064653 on Wed Nov 18 14:17:31 MST 2020
# Start of session at: Wed Jul 30 15:35:55 2025
# Process ID: 11008
# Current directory: C:/Users/kccistc/Documents/카카오톡 받은 파일/CNN_UVM
# Command line: vivado.exe -gui_launcher_event rodinguilauncherevent22320 C:\Users\kccistc\Documents\카카오톡 받은 파일\CNN_UVM\CNN_UVM.xpr
# Log file: C:/Users/kccistc/Documents/카카오톡 받은 파일/CNN_UVM/vivado.log
# Journal file: C:/Users/kccistc/Documents/카카오톡 받은 파일/CNN_UVM\vivado.jou
#-----------------------------------------------------------
start_gui
open_project {C:/Users/kccistc/Documents/카카오톡 받은 파일/CNN_UVM/CNN_UVM.xpr}
INFO: [Project 1-313] Project file moved from 'D:/Working/CNN_UVM' since last save.
WARNING: [filemgmt 56-2] Default IP Output Path : Could not find the directory 'C:/Users/kccistc/Documents/카카오톡 받은 파일/CNN_UVM/CNN_UVM.gen/sources_1', nor could it be found using path 'D:/Working/CNN_UVM/CNN_UVM.gen/sources_1'.
Scanning sources...
Finished scanning sources
INFO: [IP_Flow 19-234] Refreshing IP repositories
INFO: [IP_Flow 19-1704] No user IP repositories specified
INFO: [IP_Flow 19-2313] Loaded Vivado IP repository 'C:/Xilinx/Vivado/2020.2/data/ip'.
open_project: Time (s): cpu = 00:00:02 ; elapsed = 00:00:08 . Memory (MB): peak = 1084.969 ; gain = 0.000
update_compile_order -fileset sources_1
WARNING: [filemgmt 56-315] Source scanning failed during design analysis. To get more details run synthesis or simulation and check the log.
