
*** Running vivado
    with args -log cnn_top.vdi -applog -m64 -product Vivado -messageDb vivado.pb -mode batch -source cnn_top.tcl -notrace


****** Vivado v2022.2 (64-bit)
  **** SW Build 3671981 on Fri Oct 14 04:59:54 MDT 2022
  **** IP Build 3669848 on Fri Oct 14 08:30:02 MDT 2022
    ** Copyright 1986-2022 Xilinx, Inc. All Rights Reserved.

source cnn_top.tcl -notrace
Command: link_design -top cnn_top -part xc7z020clg400-1
Design is defaulting to srcset: sources_1
Design is defaulting to constrset: constrs_1
INFO: [Device 21-403] Loading part xc7z020clg400-1
Netlist sorting complete. Time (s): cpu = 00:00:00 ; elapsed = 00:00:00 . Memory (MB): peak = 2069.934 ; gain = 0.000 ; free physical = 535 ; free virtual = 8248
INFO: [Project 1-479] Netlist was created with Vivado 2022.2
INFO: [Project 1-570] Preparing netlist for logic optimization
Netlist sorting complete. Time (s): cpu = 00:00:00 ; elapsed = 00:00:00 . Memory (MB): peak = 2138.746 ; gain = 0.000 ; free physical = 436 ; free virtual = 8149
INFO: [Project 1-111] Unisim Transformation Summary:
No Unisim elements were transformed.

4 Infos, 0 Warnings, 0 Critical Warnings and 0 Errors encountered.
link_design completed successfully
link_design: Time (s): cpu = 00:00:05 ; elapsed = 00:00:06 . Memory (MB): peak = 2166.559 ; gain = 453.969 ; free physical = 428 ; free virtual = 8141
Command: opt_design
Attempting to get a license for feature 'Implementation' and/or device 'xc7z020'
INFO: [Common 17-349] Got license for feature 'Implementation' and/or device 'xc7z020'
Running DRC as a precondition to command opt_design

Starting DRC Task
INFO: [DRC 23-27] Running DRC with 4 threads
INFO: [Project 1-461] DRC finished with 0 Errors
INFO: [Project 1-462] Please refer to the DRC report (report_drc) for more information.

Time (s): cpu = 00:00:01 ; elapsed = 00:00:00.68 . Memory (MB): peak = 2225.324 ; gain = 58.766 ; free physical = 419 ; free virtual = 8132

Starting Cache Timing Information Task
INFO: [Timing 38-35] Done setting XDC timing constraints.
Ending Cache Timing Information Task | Checksum: a2c872f6

Time (s): cpu = 00:00:07 ; elapsed = 00:00:07 . Memory (MB): peak = 2683.145 ; gain = 457.820 ; free physical = 196 ; free virtual = 7703

Starting Logic Optimization Task

Phase 1 Retarget
INFO: [Opt 31-138] Pushed 0 inverter(s) to 0 load pin(s).
INFO: [Opt 31-49] Retargeted 0 cell(s).
Phase 1 Retarget | Checksum: a2c872f6

Time (s): cpu = 00:00:00.03 ; elapsed = 00:00:00.04 . Memory (MB): peak = 2962.066 ; gain = 0.000 ; free physical = 301 ; free virtual = 7455
INFO: [Opt 31-389] Phase Retarget created 0 cells and removed 0 cells

Phase 2 Constant propagation
INFO: [Opt 31-138] Pushed 0 inverter(s) to 0 load pin(s).
Phase 2 Constant propagation | Checksum: a2c872f6

Time (s): cpu = 00:00:00.03 ; elapsed = 00:00:00.04 . Memory (MB): peak = 2962.066 ; gain = 0.000 ; free physical = 301 ; free virtual = 7455
INFO: [Opt 31-389] Phase Constant propagation created 0 cells and removed 0 cells

Phase 3 Sweep
Phase 3 Sweep | Checksum: a2c872f6

Time (s): cpu = 00:00:00.03 ; elapsed = 00:00:00.04 . Memory (MB): peak = 2962.066 ; gain = 0.000 ; free physical = 301 ; free virtual = 7455
INFO: [Opt 31-389] Phase Sweep created 0 cells and removed 0 cells

Phase 4 BUFG optimization
Phase 4 BUFG optimization | Checksum: a2c872f6

Time (s): cpu = 00:00:00.03 ; elapsed = 00:00:00.05 . Memory (MB): peak = 2994.082 ; gain = 32.016 ; free physical = 301 ; free virtual = 7455
INFO: [Opt 31-662] Phase BUFG optimization created 0 cells of which 0 are BUFGs and removed 0 cells.

Phase 5 Shift Register Optimization
INFO: [Opt 31-1064] SRL Remap converted 0 SRLs to 0 registers and converted 0 registers of register chains to 0 SRLs
Phase 5 Shift Register Optimization | Checksum: a2c872f6

Time (s): cpu = 00:00:00.03 ; elapsed = 00:00:00.05 . Memory (MB): peak = 2994.082 ; gain = 32.016 ; free physical = 301 ; free virtual = 7455
INFO: [Opt 31-389] Phase Shift Register Optimization created 0 cells and removed 0 cells

Phase 6 Post Processing Netlist
Phase 6 Post Processing Netlist | Checksum: a2c872f6

Time (s): cpu = 00:00:00.04 ; elapsed = 00:00:00.05 . Memory (MB): peak = 2994.082 ; gain = 32.016 ; free physical = 301 ; free virtual = 7455
INFO: [Opt 31-389] Phase Post Processing Netlist created 0 cells and removed 0 cells
Opt_design Change Summary
=========================


-------------------------------------------------------------------------------------------------------------------------
|  Phase                        |  #Cells created  |  #Cells Removed  |  #Constrained objects preventing optimizations  |
-------------------------------------------------------------------------------------------------------------------------
|  Retarget                     |               0  |               0  |                                              0  |
|  Constant propagation         |               0  |               0  |                                              0  |
|  Sweep                        |               0  |               0  |                                              0  |
|  BUFG optimization            |               0  |               0  |                                              0  |
|  Shift Register Optimization  |               0  |               0  |                                              0  |
|  Post Processing Netlist      |               0  |               0  |                                              0  |
-------------------------------------------------------------------------------------------------------------------------



Starting Connectivity Check Task

Time (s): cpu = 00:00:00 ; elapsed = 00:00:00 . Memory (MB): peak = 2994.082 ; gain = 0.000 ; free physical = 301 ; free virtual = 7455
Ending Logic Optimization Task | Checksum: a2c872f6

Time (s): cpu = 00:00:00.04 ; elapsed = 00:00:00.05 . Memory (MB): peak = 2994.082 ; gain = 32.016 ; free physical = 301 ; free virtual = 7455

Starting Power Optimization Task
INFO: [Pwropt 34-132] Skipping clock gating for clocks with a period < 2.00 ns.
Ending Power Optimization Task | Checksum: a2c872f6

Time (s): cpu = 00:00:00 ; elapsed = 00:00:00.01 . Memory (MB): peak = 2994.082 ; gain = 0.000 ; free physical = 301 ; free virtual = 7455

Starting Final Cleanup Task
Ending Final Cleanup Task | Checksum: a2c872f6

Time (s): cpu = 00:00:00 ; elapsed = 00:00:00 . Memory (MB): peak = 2994.082 ; gain = 0.000 ; free physical = 301 ; free virtual = 7455

Starting Netlist Obfuscation Task
Netlist sorting complete. Time (s): cpu = 00:00:00 ; elapsed = 00:00:00 . Memory (MB): peak = 2994.082 ; gain = 0.000 ; free physical = 301 ; free virtual = 7455
Ending Netlist Obfuscation Task | Checksum: a2c872f6

Time (s): cpu = 00:00:00 ; elapsed = 00:00:00 . Memory (MB): peak = 2994.082 ; gain = 0.000 ; free physical = 301 ; free virtual = 7455
INFO: [Common 17-83] Releasing license: Implementation
21 Infos, 0 Warnings, 0 Critical Warnings and 0 Errors encountered.
opt_design completed successfully
opt_design: Time (s): cpu = 00:00:10 ; elapsed = 00:00:10 . Memory (MB): peak = 2994.082 ; gain = 827.523 ; free physical = 301 ; free virtual = 7455
INFO: [Common 17-1381] The checkpoint '/home/goeun/gitHub/Braille_generator_FPGA/1.line_buffer_kernel_5by5_convolution/project_1/project_1.runs/impl_1/cnn_top_opt.dcp' has been generated.
INFO: [runtcl-4] Executing : report_drc -file cnn_top_drc_opted.rpt -pb cnn_top_drc_opted.pb -rpx cnn_top_drc_opted.rpx
Command: report_drc -file cnn_top_drc_opted.rpt -pb cnn_top_drc_opted.pb -rpx cnn_top_drc_opted.rpx
INFO: [IP_Flow 19-234] Refreshing IP repositories
INFO: [IP_Flow 19-1704] No user IP repositories specified
INFO: [IP_Flow 19-2313] Loaded Vivado IP repository '/media/goeun/E/Vivado/2022.2/data/ip'.
INFO: [DRC 23-27] Running DRC with 4 threads
INFO: [Vivado_Tcl 2-168] The results of DRC are in file /home/goeun/gitHub/Braille_generator_FPGA/1.line_buffer_kernel_5by5_convolution/project_1/project_1.runs/impl_1/cnn_top_drc_opted.rpt.
report_drc completed successfully
Command: place_design
Attempting to get a license for feature 'Implementation' and/or device 'xc7z020'
INFO: [Common 17-349] Got license for feature 'Implementation' and/or device 'xc7z020'
INFO: [DRC 23-27] Running DRC with 4 threads
INFO: [Vivado_Tcl 4-198] DRC finished with 0 Errors
INFO: [Vivado_Tcl 4-199] Please refer to the DRC report (report_drc) for more information.
Running DRC as a precondition to command place_design
INFO: [DRC 23-27] Running DRC with 4 threads
INFO: [Vivado_Tcl 4-198] DRC finished with 0 Errors
INFO: [Vivado_Tcl 4-199] Please refer to the DRC report (report_drc) for more information.

Starting Placer Task
INFO: [Place 30-611] Multithreading enabled for place_design using a maximum of 4 CPUs

Phase 1 Placer Initialization

Phase 1.1 Placer Initialization Netlist Sorting
Netlist sorting complete. Time (s): cpu = 00:00:00 ; elapsed = 00:00:00 . Memory (MB): peak = 3034.102 ; gain = 0.000 ; free physical = 348 ; free virtual = 7504
Phase 1.1 Placer Initialization Netlist Sorting | Checksum: 15802c9e

Time (s): cpu = 00:00:00 ; elapsed = 00:00:00.01 . Memory (MB): peak = 3034.102 ; gain = 0.000 ; free physical = 348 ; free virtual = 7504
Netlist sorting complete. Time (s): cpu = 00:00:00 ; elapsed = 00:00:00 . Memory (MB): peak = 3034.102 ; gain = 0.000 ; free physical = 348 ; free virtual = 7504

Phase 1.2 IO Placement/ Clock Placement/ Build Placer Device
INFO: [Timing 38-35] Done setting XDC timing constraints.
Phase 1.2 IO Placement/ Clock Placement/ Build Placer Device | Checksum: e89ae704

Time (s): cpu = 00:00:00.33 ; elapsed = 00:00:00.19 . Memory (MB): peak = 3034.102 ; gain = 0.000 ; free physical = 332 ; free virtual = 7492

Phase 1.3 Build Placer Netlist Model
Phase 1.3 Build Placer Netlist Model | Checksum: 16e02d4cc

Time (s): cpu = 00:00:00.41 ; elapsed = 00:00:00.25 . Memory (MB): peak = 3034.102 ; gain = 0.000 ; free physical = 332 ; free virtual = 7493

Phase 1.4 Constrain Clocks/Macros
Phase 1.4 Constrain Clocks/Macros | Checksum: 16e02d4cc

Time (s): cpu = 00:00:00.42 ; elapsed = 00:00:00.25 . Memory (MB): peak = 3034.102 ; gain = 0.000 ; free physical = 354 ; free virtual = 7515
Phase 1 Placer Initialization | Checksum: 16e02d4cc

Time (s): cpu = 00:00:00.42 ; elapsed = 00:00:00.26 . Memory (MB): peak = 3034.102 ; gain = 0.000 ; free physical = 354 ; free virtual = 7515

Phase 2 Global Placement

Phase 2.1 Floorplanning
Phase 2.1 Floorplanning | Checksum: 16e02d4cc

Time (s): cpu = 00:00:00.43 ; elapsed = 00:00:00.26 . Memory (MB): peak = 3034.102 ; gain = 0.000 ; free physical = 354 ; free virtual = 7516

Phase 2.2 Update Timing before SLR Path Opt
Phase 2.2 Update Timing before SLR Path Opt | Checksum: 16e02d4cc

Time (s): cpu = 00:00:00.43 ; elapsed = 00:00:00.26 . Memory (MB): peak = 3034.102 ; gain = 0.000 ; free physical = 354 ; free virtual = 7516

Phase 2.3 Post-Processing in Floorplanning
Phase 2.3 Post-Processing in Floorplanning | Checksum: 16e02d4cc

Time (s): cpu = 00:00:00.43 ; elapsed = 00:00:00.27 . Memory (MB): peak = 3034.102 ; gain = 0.000 ; free physical = 354 ; free virtual = 7516

Phase 2.4 Global Placement Core
WARNING: [Place 46-29] Timing had been disabled during Placer and, therefore, physical synthesis in Placer will be skipped.
Phase 2.4 Global Placement Core | Checksum: 1344ab214

Time (s): cpu = 00:00:01 ; elapsed = 00:00:00.5 . Memory (MB): peak = 3034.102 ; gain = 0.000 ; free physical = 341 ; free virtual = 7504
Phase 2 Global Placement | Checksum: 1344ab214

Time (s): cpu = 00:00:01 ; elapsed = 00:00:00.5 . Memory (MB): peak = 3034.102 ; gain = 0.000 ; free physical = 341 ; free virtual = 7504

Phase 3 Detail Placement

Phase 3.1 Commit Multi Column Macros
Phase 3.1 Commit Multi Column Macros | Checksum: 1344ab214

Time (s): cpu = 00:00:01 ; elapsed = 00:00:00.51 . Memory (MB): peak = 3034.102 ; gain = 0.000 ; free physical = 341 ; free virtual = 7504

Phase 3.2 Commit Most Macros & LUTRAMs
Phase 3.2 Commit Most Macros & LUTRAMs | Checksum: f8c99b3a

Time (s): cpu = 00:00:01 ; elapsed = 00:00:00.51 . Memory (MB): peak = 3034.102 ; gain = 0.000 ; free physical = 341 ; free virtual = 7504

Phase 3.3 Area Swap Optimization
Phase 3.3 Area Swap Optimization | Checksum: 1cf75a5aa

Time (s): cpu = 00:00:01 ; elapsed = 00:00:00.52 . Memory (MB): peak = 3034.102 ; gain = 0.000 ; free physical = 341 ; free virtual = 7504

Phase 3.4 Pipeline Register Optimization
Phase 3.4 Pipeline Register Optimization | Checksum: 1cf75a5aa

Time (s): cpu = 00:00:01 ; elapsed = 00:00:00.52 . Memory (MB): peak = 3034.102 ; gain = 0.000 ; free physical = 341 ; free virtual = 7504

Phase 3.5 Small Shape Detail Placement
Phase 3.5 Small Shape Detail Placement | Checksum: 123379477

Time (s): cpu = 00:00:01 ; elapsed = 00:00:00.61 . Memory (MB): peak = 3034.102 ; gain = 0.000 ; free physical = 337 ; free virtual = 7500

Phase 3.6 Re-assign LUT pins
Phase 3.6 Re-assign LUT pins | Checksum: 123379477

Time (s): cpu = 00:00:01 ; elapsed = 00:00:00.61 . Memory (MB): peak = 3034.102 ; gain = 0.000 ; free physical = 337 ; free virtual = 7500

Phase 3.7 Pipeline Register Optimization
Phase 3.7 Pipeline Register Optimization | Checksum: 123379477

Time (s): cpu = 00:00:01 ; elapsed = 00:00:00.61 . Memory (MB): peak = 3034.102 ; gain = 0.000 ; free physical = 337 ; free virtual = 7500
Phase 3 Detail Placement | Checksum: 123379477

Time (s): cpu = 00:00:01 ; elapsed = 00:00:00.62 . Memory (MB): peak = 3034.102 ; gain = 0.000 ; free physical = 337 ; free virtual = 7500

Phase 4 Post Placement Optimization and Clean-Up

Phase 4.1 Post Commit Optimization
Phase 4.1 Post Commit Optimization | Checksum: 123379477

Time (s): cpu = 00:00:01 ; elapsed = 00:00:00.65 . Memory (MB): peak = 3034.102 ; gain = 0.000 ; free physical = 337 ; free virtual = 7500

Phase 4.2 Post Placement Cleanup
Phase 4.2 Post Placement Cleanup | Checksum: 123379477

Time (s): cpu = 00:00:01 ; elapsed = 00:00:00.65 . Memory (MB): peak = 3034.102 ; gain = 0.000 ; free physical = 337 ; free virtual = 7500

Phase 4.3 Placer Reporting

Phase 4.3.1 Print Estimated Congestion
INFO: [Place 30-612] Post-Placement Estimated Congestion 
 ____________________________________________________
|           | Global Congestion | Short Congestion  |
| Direction | Region Size       | Region Size       |
|___________|___________________|___________________|
|      North|                1x1|                1x1|
|___________|___________________|___________________|
|      South|                1x1|                1x1|
|___________|___________________|___________________|
|       East|                1x1|                1x1|
|___________|___________________|___________________|
|       West|                1x1|                1x1|
|___________|___________________|___________________|

Phase 4.3.1 Print Estimated Congestion | Checksum: 123379477

Time (s): cpu = 00:00:01 ; elapsed = 00:00:00.65 . Memory (MB): peak = 3034.102 ; gain = 0.000 ; free physical = 337 ; free virtual = 7500
Phase 4.3 Placer Reporting | Checksum: 123379477

Time (s): cpu = 00:00:01 ; elapsed = 00:00:00.65 . Memory (MB): peak = 3034.102 ; gain = 0.000 ; free physical = 337 ; free virtual = 7500

Phase 4.4 Final Placement Cleanup
Netlist sorting complete. Time (s): cpu = 00:00:00 ; elapsed = 00:00:00 . Memory (MB): peak = 3034.102 ; gain = 0.000 ; free physical = 337 ; free virtual = 7500

Time (s): cpu = 00:00:01 ; elapsed = 00:00:00.65 . Memory (MB): peak = 3034.102 ; gain = 0.000 ; free physical = 337 ; free virtual = 7500
Phase 4 Post Placement Optimization and Clean-Up | Checksum: 17719618d

Time (s): cpu = 00:00:01 ; elapsed = 00:00:00.65 . Memory (MB): peak = 3034.102 ; gain = 0.000 ; free physical = 337 ; free virtual = 7500
Ending Placer Task | Checksum: ce9f8ffd

Time (s): cpu = 00:00:01 ; elapsed = 00:00:00.65 . Memory (MB): peak = 3034.102 ; gain = 0.000 ; free physical = 337 ; free virtual = 7500
INFO: [Common 17-83] Releasing license: Implementation
39 Infos, 1 Warnings, 0 Critical Warnings and 0 Errors encountered.
place_design completed successfully
Writing XDEF routing.
Writing XDEF routing logical nets.
Writing XDEF routing special nets.
Write XDEF Complete: Time (s): cpu = 00:00:00.09 ; elapsed = 00:00:00.08 . Memory (MB): peak = 3043.109 ; gain = 0.000 ; free physical = 337 ; free virtual = 7501
INFO: [Common 17-1381] The checkpoint '/home/goeun/gitHub/Braille_generator_FPGA/1.line_buffer_kernel_5by5_convolution/project_1/project_1.runs/impl_1/cnn_top_placed.dcp' has been generated.
INFO: [runtcl-4] Executing : report_io -file cnn_top_io_placed.rpt
report_io: Time (s): cpu = 00:00:00.1 ; elapsed = 00:00:00.18 . Memory (MB): peak = 3051.113 ; gain = 0.000 ; free physical = 326 ; free virtual = 7490
INFO: [runtcl-4] Executing : report_utilization -file cnn_top_utilization_placed.rpt -pb cnn_top_utilization_placed.pb
INFO: [runtcl-4] Executing : report_control_sets -verbose -file cnn_top_control_sets_placed.rpt
report_control_sets: Time (s): cpu = 00:00:00.05 ; elapsed = 00:00:00.12 . Memory (MB): peak = 3051.113 ; gain = 0.000 ; free physical = 310 ; free virtual = 7474
Command: phys_opt_design
Attempting to get a license for feature 'Implementation' and/or device 'xc7z020'
INFO: [Common 17-349] Got license for feature 'Implementation' and/or device 'xc7z020'

Starting Initial Update Timing Task

Time (s): cpu = 00:00:00 ; elapsed = 00:00:00.03 . Memory (MB): peak = 3051.113 ; gain = 0.000 ; free physical = 320 ; free virtual = 7484
INFO: [Vivado_Tcl 4-235] No timing constraint found. The netlist was not modified.
INFO: [Common 17-83] Releasing license: Implementation
46 Infos, 1 Warnings, 0 Critical Warnings and 0 Errors encountered.
phys_opt_design completed successfully
Writing XDEF routing.
Writing XDEF routing logical nets.
Writing XDEF routing special nets.
Write XDEF Complete: Time (s): cpu = 00:00:00.03 ; elapsed = 00:00:00.03 . Memory (MB): peak = 3057.984 ; gain = 6.871 ; free physical = 319 ; free virtual = 7484
INFO: [Common 17-1381] The checkpoint '/home/goeun/gitHub/Braille_generator_FPGA/1.line_buffer_kernel_5by5_convolution/project_1/project_1.runs/impl_1/cnn_top_physopt.dcp' has been generated.
Command: route_design
Attempting to get a license for feature 'Implementation' and/or device 'xc7z020'
INFO: [Common 17-349] Got license for feature 'Implementation' and/or device 'xc7z020'
Running DRC as a precondition to command route_design
INFO: [DRC 23-27] Running DRC with 4 threads
INFO: [Vivado_Tcl 4-198] DRC finished with 0 Errors
INFO: [Vivado_Tcl 4-199] Please refer to the DRC report (report_drc) for more information.


Starting Routing Task
INFO: [Route 35-254] Multithreading enabled for route_design using a maximum of 4 CPUs

Phase 1 Build RT Design
Checksum: PlaceDB: 5dc89204 ConstDB: 0 ShapeSum: 70d6fdf9 RouteDB: 0
Post Restoration Checksum: NetGraph: 7f664a23 NumContArr: 6dfc952 Constraints: 0 Timing: 0
Phase 1 Build RT Design | Checksum: 86461375

Time (s): cpu = 00:00:21 ; elapsed = 00:00:18 . Memory (MB): peak = 3149.645 ; gain = 69.980 ; free physical = 233 ; free virtual = 7410

Phase 2 Router Initialization
INFO: [Route 35-64] No timing constraints were detected. The router will operate in resource-optimization mode.

Phase 2.1 Fix Topology Constraints
Phase 2.1 Fix Topology Constraints | Checksum: 86461375

Time (s): cpu = 00:00:21 ; elapsed = 00:00:18 . Memory (MB): peak = 3164.645 ; gain = 84.980 ; free physical = 218 ; free virtual = 7395

Phase 2.2 Pre Route Cleanup
Phase 2.2 Pre Route Cleanup | Checksum: 86461375

Time (s): cpu = 00:00:21 ; elapsed = 00:00:18 . Memory (MB): peak = 3164.645 ; gain = 84.980 ; free physical = 218 ; free virtual = 7395
 Number of Nodes with overlaps = 0

Router Utilization Summary
  Global Vertical Routing Utilization    = 0 %
  Global Horizontal Routing Utilization  = 0 %
  Routable Net Status*
  *Does not include unroutable nets such as driverless and loadless.
  Run report_route_status for detailed report.
  Number of Failed Nets               = 38
    (Failed Nets is the sum of unrouted and partially routed nets)
  Number of Unrouted Nets             = 38
  Number of Partially Routed Nets     = 0
  Number of Node Overlaps             = 0

Phase 2 Router Initialization | Checksum: 0d26c6ce

Time (s): cpu = 00:00:21 ; elapsed = 00:00:19 . Memory (MB): peak = 3185.410 ; gain = 105.746 ; free physical = 193 ; free virtual = 7371

Phase 3 Initial Routing

Phase 3.1 Global Routing
Phase 3.1 Global Routing | Checksum: 0d26c6ce

Time (s): cpu = 00:00:21 ; elapsed = 00:00:19 . Memory (MB): peak = 3185.410 ; gain = 105.746 ; free physical = 193 ; free virtual = 7371
Phase 3 Initial Routing | Checksum: 58c4482d

Time (s): cpu = 00:00:22 ; elapsed = 00:00:19 . Memory (MB): peak = 3185.410 ; gain = 105.746 ; free physical = 193 ; free virtual = 7371

Phase 4 Rip-up And Reroute

Phase 4.1 Global Iteration 0
 Number of Nodes with overlaps = 2
 Number of Nodes with overlaps = 0
Phase 4.1 Global Iteration 0 | Checksum: 1ca2ba5f5

Time (s): cpu = 00:00:22 ; elapsed = 00:00:19 . Memory (MB): peak = 3185.410 ; gain = 105.746 ; free physical = 193 ; free virtual = 7371
Phase 4 Rip-up And Reroute | Checksum: 1ca2ba5f5

Time (s): cpu = 00:00:22 ; elapsed = 00:00:19 . Memory (MB): peak = 3185.410 ; gain = 105.746 ; free physical = 193 ; free virtual = 7371

Phase 5 Delay and Skew Optimization
Phase 5 Delay and Skew Optimization | Checksum: 1ca2ba5f5

Time (s): cpu = 00:00:22 ; elapsed = 00:00:19 . Memory (MB): peak = 3185.410 ; gain = 105.746 ; free physical = 193 ; free virtual = 7371

Phase 6 Post Hold Fix

Phase 6.1 Hold Fix Iter
Phase 6.1 Hold Fix Iter | Checksum: 1ca2ba5f5

Time (s): cpu = 00:00:22 ; elapsed = 00:00:19 . Memory (MB): peak = 3185.410 ; gain = 105.746 ; free physical = 193 ; free virtual = 7371
Phase 6 Post Hold Fix | Checksum: 1ca2ba5f5

Time (s): cpu = 00:00:22 ; elapsed = 00:00:19 . Memory (MB): peak = 3185.410 ; gain = 105.746 ; free physical = 193 ; free virtual = 7371

Phase 7 Route finalize

Router Utilization Summary
  Global Vertical Routing Utilization    = 0.000776639 %
  Global Horizontal Routing Utilization  = 0.00211291 %
  Routable Net Status*
  *Does not include unroutable nets such as driverless and loadless.
  Run report_route_status for detailed report.
  Number of Failed Nets               = 0
    (Failed Nets is the sum of unrouted and partially routed nets)
  Number of Unrouted Nets             = 0
  Number of Partially Routed Nets     = 0
  Number of Node Overlaps             = 0

Congestion Report
North Dir 1x1 Area, Max Cong = 0.900901%, No Congested Regions.
South Dir 1x1 Area, Max Cong = 3.6036%, No Congested Regions.
East Dir 1x1 Area, Max Cong = 2.94118%, No Congested Regions.
West Dir 1x1 Area, Max Cong = 7.35294%, No Congested Regions.

------------------------------
Reporting congestion hotspots
------------------------------
Direction: North
----------------
Congested clusters found at Level 0
Effective congestion level: 0 Aspect Ratio: 1 Sparse Ratio: 0
Direction: South
----------------
Congested clusters found at Level 0
Effective congestion level: 0 Aspect Ratio: 1 Sparse Ratio: 0
Direction: East
----------------
Congested clusters found at Level 0
Effective congestion level: 0 Aspect Ratio: 1 Sparse Ratio: 0
Direction: West
----------------
Congested clusters found at Level 0
Effective congestion level: 0 Aspect Ratio: 1 Sparse Ratio: 0

Phase 7 Route finalize | Checksum: 1ca2ba5f5

Time (s): cpu = 00:00:22 ; elapsed = 00:00:19 . Memory (MB): peak = 3185.410 ; gain = 105.746 ; free physical = 193 ; free virtual = 7371

Phase 8 Verifying routed nets

 Verification completed successfully
Phase 8 Verifying routed nets | Checksum: 1ca2ba5f5

Time (s): cpu = 00:00:22 ; elapsed = 00:00:19 . Memory (MB): peak = 3185.410 ; gain = 105.746 ; free physical = 193 ; free virtual = 7371

Phase 9 Depositing Routes
Phase 9 Depositing Routes | Checksum: 1e3e48a31

Time (s): cpu = 00:00:22 ; elapsed = 00:00:19 . Memory (MB): peak = 3185.410 ; gain = 105.746 ; free physical = 193 ; free virtual = 7371
INFO: [Route 35-16] Router Completed Successfully

Time (s): cpu = 00:00:22 ; elapsed = 00:00:19 . Memory (MB): peak = 3185.410 ; gain = 105.746 ; free physical = 201 ; free virtual = 7379

Routing Is Done.
INFO: [Common 17-83] Releasing license: Implementation
55 Infos, 1 Warnings, 0 Critical Warnings and 0 Errors encountered.
route_design completed successfully
route_design: Time (s): cpu = 00:00:23 ; elapsed = 00:00:19 . Memory (MB): peak = 3185.410 ; gain = 127.426 ; free physical = 201 ; free virtual = 7379
INFO: [Common 17-600] The following parameters have non-default value.
general.maxThreads
Writing XDEF routing.
Writing XDEF routing logical nets.
Writing XDEF routing special nets.
Write XDEF Complete: Time (s): cpu = 00:00:00.04 ; elapsed = 00:00:00.03 . Memory (MB): peak = 3208.355 ; gain = 14.941 ; free physical = 201 ; free virtual = 7380
INFO: [Common 17-1381] The checkpoint '/home/goeun/gitHub/Braille_generator_FPGA/1.line_buffer_kernel_5by5_convolution/project_1/project_1.runs/impl_1/cnn_top_routed.dcp' has been generated.
INFO: [runtcl-4] Executing : report_drc -file cnn_top_drc_routed.rpt -pb cnn_top_drc_routed.pb -rpx cnn_top_drc_routed.rpx
Command: report_drc -file cnn_top_drc_routed.rpt -pb cnn_top_drc_routed.pb -rpx cnn_top_drc_routed.rpx
INFO: [IP_Flow 19-1839] IP Catalog is up to date.
INFO: [DRC 23-27] Running DRC with 4 threads
INFO: [Vivado_Tcl 2-168] The results of DRC are in file /home/goeun/gitHub/Braille_generator_FPGA/1.line_buffer_kernel_5by5_convolution/project_1/project_1.runs/impl_1/cnn_top_drc_routed.rpt.
report_drc completed successfully
INFO: [runtcl-4] Executing : report_methodology -file cnn_top_methodology_drc_routed.rpt -pb cnn_top_methodology_drc_routed.pb -rpx cnn_top_methodology_drc_routed.rpx
Command: report_methodology -file cnn_top_methodology_drc_routed.rpt -pb cnn_top_methodology_drc_routed.pb -rpx cnn_top_methodology_drc_routed.rpx
INFO: [Timing 38-35] Done setting XDC timing constraints.
INFO: [DRC 23-133] Running Methodology with 4 threads
INFO: [Vivado_Tcl 2-1520] The results of Report Methodology are in file /home/goeun/gitHub/Braille_generator_FPGA/1.line_buffer_kernel_5by5_convolution/project_1/project_1.runs/impl_1/cnn_top_methodology_drc_routed.rpt.
report_methodology completed successfully
INFO: [runtcl-4] Executing : report_power -file cnn_top_power_routed.rpt -pb cnn_top_power_summary_routed.pb -rpx cnn_top_power_routed.rpx
Command: report_power -file cnn_top_power_routed.rpt -pb cnn_top_power_summary_routed.pb -rpx cnn_top_power_routed.rpx
INFO: [Timing 38-35] Done setting XDC timing constraints.
WARNING: [Power 33-232] No user defined clocks were found in the design! Power estimation will be inaccurate until this is corrected.
Resolution: Please specify clocks using create_clock/create_generated_clock for sequential elements. For pure combinatorial circuits, please specify a virtual clock, otherwise the vectorless estimation might be inaccurate
Running Vector-less Activity Propagation...

Finished Running Vector-less Activity Propagation
67 Infos, 2 Warnings, 0 Critical Warnings and 0 Errors encountered.
report_power completed successfully
INFO: [runtcl-4] Executing : report_route_status -file cnn_top_route_status.rpt -pb cnn_top_route_status.pb
INFO: [runtcl-4] Executing : report_timing_summary -max_paths 10 -report_unconstrained -file cnn_top_timing_summary_routed.rpt -pb cnn_top_timing_summary_routed.pb -rpx cnn_top_timing_summary_routed.rpx -warn_on_violation 
INFO: [Timing 38-91] UpdateTimingParams: Speed grade: -1, Delay Type: min_max.
INFO: [Timing 38-191] Multithreading enabled for timing update using a maximum of 4 CPUs
WARNING: [Timing 38-313] There are no user specified timing constraints. Timing constraints are needed for proper timing analysis.
INFO: [runtcl-4] Executing : report_incremental_reuse -file cnn_top_incremental_reuse_routed.rpt
INFO: [Vivado_Tcl 4-1062] Incremental flow is disabled. No incremental reuse Info to report.
INFO: [runtcl-4] Executing : report_clock_utilization -file cnn_top_clock_utilization_routed.rpt
INFO: [runtcl-4] Executing : report_bus_skew -warn_on_violation -file cnn_top_bus_skew_routed.rpt -pb cnn_top_bus_skew_routed.pb -rpx cnn_top_bus_skew_routed.rpx
INFO: [Timing 38-91] UpdateTimingParams: Speed grade: -1, Delay Type: min_max.
INFO: [Timing 38-191] Multithreading enabled for timing update using a maximum of 4 CPUs
INFO: [Common 17-206] Exiting Vivado at Mon Jul 21 03:23:12 2025...
