#
# An unexpected error has occurred (11)
#
Stack:
/media/goeun/E/Vivado/2022.2/tps/lnx64/jre11.0.11_9/lib//server/libjvm.so(+0xbefecb) [0x7745039efecb]
/media/goeun/E/Vivado/2022.2/tps/lnx64/jre11.0.11_9/lib//server/libjvm.so(JVM_handle_linux_signal+0xd1) [0x7745039f6c81]
/media/goeun/E/Vivado/2022.2/tps/lnx64/jre11.0.11_9/lib//server/libjvm.so(+0xbead23) [0x7745039ead23]
/usr/lib/x86_64-linux-gnu/libc.so.6(+0x42520) [0x774543642520]
/media/goeun/E/Vivado/2022.2/lib/lnx64.o/librdi_simbridge_kernel.so(SimBridge::WdbCommonReader::getLatestTime() const+0xc) [0x77453a5a8f0c]
/media/goeun/E/Vivado/2022.2/lib/lnx64.o/librdi_simbridge_kernel.so(SimBridge::WdbLiveReader::getLatestTime() const+0x33) [0x77453a5b9b63]
/media/goeun/E/Vivado/2022.2/lib/lnx64.o/librdi_simbridge_kernel.so(SimBridge::WdbCommonReader::getValueEvents(long long, long long, long long, std::vector<SimBridge::WdbScalarBTree*, std::allocator<SimBridge::WdbScalarBTree*> > const&, std::vector<SimBridge::WdbTimeByteValues, std::allocator<SimBridge::WdbTimeByteValues> >&) const+0x8f7) [0x77453a5ab5f7]
/media/goeun/E/Vivado/2022.2/lib/lnx64.o/librdi_simbridge_kernel.so(SimBridge::WdbLiveReader::getValueEvents(long long, long long, long long, std::vector<SimBridge::WdbScalarBTree*, std::allocator<SimBridge::WdbScalarBTree*> > const&, std::vector<SimBridge::WdbTimeByteValues, std::allocator<SimBridge::WdbTimeByteValues> >&) const+0x5d) [0x77453a5b9bed]
/media/goeun/E/Vivado/2022.2/lib/lnx64.o/librdi_wavedata.so(SimBridge::WdbDataSource::getTransitions(SimBridge::DataObj const*, long long, long long, long long, std::vector<SimBridge::Transition, std::allocator<SimBridge::Transition> >&) const+0x6af) [0x774513c8857f]
/media/goeun/E/Vivado/2022.2/lib/lnx64.o/librdi_wavedata.so(SimBridge::DataObjMgr::getTransitions(SimBridge::DataObj const*, long long, long long, long long, SimBridge::ValueFormat const&, bool, std::vector<SimBridge::Transition, std::allocator<SimBridge::Transition> >&) const+0xb85) [0x774513c844a5]
/media/goeun/E/Vivado/2022.2/lib/lnx64.o/librdi_wavedata.so(SimBridge::DataReader::getTransitions(SimBridge::IDataObj const*, long long, long long, long long, SimBridge::ValueFormat const&, std::vector<SimBridge::Transition, std::allocator<SimBridge::Transition> >&) const+0x99) [0x774513c91da9]
/media/goeun/E/Vivado/2022.2/lib/lnx64.o/librdi_wavedata.so(SG_Model::ModelImp::getTransitions(SimBridge::IDataObj const*, SG_Model::IDatabase*, long long, long long, long long, SimBridge::ValueFormat const&, bool, std::vector<SimBridge::Transition, std::allocator<SimBridge::Transition> >&) const+0xbd) [0x774513d317ad]
/media/goeun/E/Vivado/2022.2/lib/lnx64.o/librdi_wavedata.so(SG_Model::Model::getTransitions(SG_Model::WVDataObject const*, long long, long long, long long, SimBridge::ValueFormat const&, bool, std::vector<SimBridge::Transition, std::allocator<SimBridge::Transition> >&) const+0x12c) [0x774513d32ecc]
/media/goeun/E/Vivado/2022.2/lib/lnx64.o/librdi_wavedata.so(+0x3628d3) [0x774513d628d3]
/media/goeun/E/Vivado/2022.2/lib/lnx64.o/librdi_wavedata.so(SG_Model::WaveformRender::render(SG_Model::WVDataObject const&)+0x109) [0x774513d5e809]
/media/goeun/E/Vivado/2022.2/lib/lnx64.o/librdi_wavedata.so(WaveViewer::WVWaveformPanel::WaveformTraverser::drawWaveform(SG_Model::WVDataObject const*, int, int)+0x38e) [0x774513dd94ae]
/media/goeun/E/Vivado/2022.2/lib/lnx64.o/librdi_wavedata.so(WaveViewer::WVWaveformPanel::WaveformTraverser::handleItemSize(WaveViewer::WVTreeWVObjectModel::ITraverseHandler::TraverseItem const&)+0x52) [0x774513dd9782]
/media/goeun/E/Vivado/2022.2/lib/lnx64.o/librdi_wavedata.so(WaveViewer::WVTreeWVObjectModel::traverseYRange(SG_Model::WVDataObject const*, WaveViewer::WVTreeWVObjectModel::ITraverseHandler&, int, int, int&, int&) const+0x234) [0x774513dbcd24]
/media/goeun/E/Vivado/2022.2/lib/lnx64.o/librdi_wavedata.so(WaveViewer::WVTreeWVObjectModel::traverseYRange(SG_Model::WVDataObject const*, WaveViewer::WVTreeWVObjectModel::ITraverseHandler&, int, int, int&, int&) const+0x2be) [0x774513dbcdae]
/media/goeun/E/Vivado/2022.2/lib/lnx64.o/librdi_wavedata.so(WaveViewer::WVTreeWVObjectModel::traverseYRange(WaveViewer::WVTreeWVObjectModel::ITraverseHandler&, int, int) const+0x57) [0x774513dbcee7]
/media/goeun/E/Vivado/2022.2/lib/lnx64.o/librdi_wavedata.so(WaveViewer::WVWaveformPanel::getGraphics(HDGDStringStream&, long&)+0x3a9) [0x774513dd8aa9]
/media/goeun/E/Vivado/2022.2/lib/lnx64.o/librdi_wavedata.so(WVExecutiveImp::getGraphicsDataSize()+0x9a) [0x774513d9513a]
/media/goeun/E/Vivado/2022.2/lib/lnx64.o/librdi_wavedata.so(WVExecutive::getGraphicsDataSize()+0xf) [0x774513d955af]
/media/goeun/E/Vivado/2022.2/lib/lnx64.o/librdi_wavedata.so(Java_ui_views_waveform_waveformi_WVExecutive_1getGraphicsDataSize+0x17) [0x774513de1317]
[0x7744f34fcb04]
