Time resolution is 1 ps
=== Window at valid ===
Row 0: 0 0 0 0 0 
Row 1: 0 0 0 0 0 
Row 2: 0 0 0 0 0 
Row 3: 0 0 0 0 0 
Row 4: 0 0 0 0 0 

o_if_x: 0o_if_y: 0
$finish called at time : 1195 ns : File "/home/goeun/gitHub/Braille_generator_FPGA/line_buffer/tb_line_buffer.sv" Line 89
=== Window at valid ===
Row 0: 1 2 3 4 5 
Row 1: 29 30 31 32 33 
Row 2: 57 58 59 60 61 
Row 3: 85 86 87 88 89 
Row 4: 113 114 115 116 117 

o_if_x: 1o_if_y: 0
$finish called at time : 1205 ns : File "/home/goeun/gitHub/Braille_generator_FPGA/line_buffer/tb_line_buffer.sv" Line 89
=== Window at valid ===
Row 0: 2 3 4 5 6 
Row 1: 30 31 32 33 34 
Row 2: 58 59 60 61 62 
Row 3: 86 87 88 89 90 
Row 4: 114 115 116 117 118 

o_if_x: 2o_if_y: 0
$finish called at time : 1215 ns : File "/home/goeun/gitHub/Braille_generator_FPGA/line_buffer/tb_line_buffer.sv" Line 89
=== Window at valid ===
Row 0: 3 4 5 6 7 
Row 1: 31 32 33 34 35 
Row 2: 59 60 61 62 63 
Row 3: 87 88 89 90 91 
Row 4: 115 116 117 118 119 

o_if_x: 3o_if_y: 0
$finish called at time : 1225 ns : File "/home/goeun/gitHub/Braille_generator_FPGA/line_buffer/tb_line_buffer.sv" Line 89
=== Window at valid ===
Row 0: 4 5 6 7 8 
Row 1: 32 33 34 35 36 
Row 2: 60 61 62 63 64 
Row 3: 88 89 90 91 92 
Row 4: 116 117 118 119 120 

o_if_x: 4o_if_y: 0
$finish called at time : 1235 ns : File "/home/goeun/gitHub/Braille_generator_FPGA/line_buffer/tb_line_buffer.sv" Line 89
=== Window at valid ===
Row 0: 5 6 7 8 9 
Row 1: 33 34 35 36 37 
Row 2: 61 62 63 64 65 
Row 3: 89 90 91 92 93 
Row 4: 117 118 119 120 121 

o_if_x: 5o_if_y: 0
$finish called at time : 1245 ns : File "/home/goeun/gitHub/Braille_generator_FPGA/line_buffer/tb_line_buffer.sv" Line 89
=== Window at valid ===
Row 0: 6 7 8 9 10 
Row 1: 34 35 36 37 38 
Row 2: 62 63 64 65 66 
Row 3: 90 91 92 93 94 
Row 4: 118 119 120 121 122 

o_if_x: 6o_if_y: 0
$finish called at time : 1255 ns : File "/home/goeun/gitHub/Braille_generator_FPGA/line_buffer/tb_line_buffer.sv" Line 89
=== Window at valid ===
Row 0: 7 8 9 10 11 
Row 1: 35 36 37 38 39 
Row 2: 63 64 65 66 67 
Row 3: 91 92 93 94 95 
Row 4: 119 120 121 122 123 

o_if_x: 7o_if_y: 0
$finish called at time : 1265 ns : File "/home/goeun/gitHub/Braille_generator_FPGA/line_buffer/tb_line_buffer.sv" Line 89
=== Window at valid ===
Row 0: 8 9 10 11 12 
Row 1: 36 37 38 39 40 
Row 2: 64 65 66 67 68 
Row 3: 92 93 94 95 96 
Row 4: 120 121 122 123 124 

o_if_x: 8o_if_y: 0
$finish called at time : 1275 ns : File "/home/goeun/gitHub/Braille_generator_FPGA/line_buffer/tb_line_buffer.sv" Line 89
=== Window at valid ===
Row 0: 9 10 11 12 13 
Row 1: 37 38 39 40 41 
Row 2: 65 66 67 68 69 
Row 3: 93 94 95 96 97 
Row 4: 121 122 123 124 125 

o_if_x: 9o_if_y: 0
$finish called at time : 1285 ns : File "/home/goeun/gitHub/Braille_generator_FPGA/line_buffer/tb_line_buffer.sv" Line 89
=== Window at valid ===
Row 0: 10 11 12 13 14 
Row 1: 38 39 40 41 42 
Row 2: 66 67 68 69 70 
Row 3: 94 95 96 97 98 
Row 4: 122 123 124 125 126 

o_if_x: 10o_if_y: 0
$finish called at time : 1295 ns : File "/home/goeun/gitHub/Braille_generator_FPGA/line_buffer/tb_line_buffer.sv" Line 89
=== Window at valid ===
Row 0: 11 12 13 14 15 
Row 1: 39 40 41 42 43 
Row 2: 67 68 69 70 71 
Row 3: 95 96 97 98 99 
Row 4: 123 124 125 126 127 

o_if_x: 11o_if_y: 0
$finish called at time : 1305 ns : File "/home/goeun/gitHub/Braille_generator_FPGA/line_buffer/tb_line_buffer.sv" Line 89
=== Window at valid ===
Row 0: 12 13 14 15 16 
Row 1: 40 41 42 43 44 
Row 2: 68 69 70 71 72 
Row 3: 96 97 98 99 100 
Row 4: 124 125 126 127 128 

o_if_x: 12o_if_y: 0
$finish called at time : 1315 ns : File "/home/goeun/gitHub/Braille_generator_FPGA/line_buffer/tb_line_buffer.sv" Line 89
=== Window at valid ===
Row 0: 13 14 15 16 17 
Row 1: 41 42 43 44 45 
Row 2: 69 70 71 72 73 
Row 3: 97 98 99 100 101 
Row 4: 125 126 127 128 129 

o_if_x: 13o_if_y: 0
$finish called at time : 1325 ns : File "/home/goeun/gitHub/Braille_generator_FPGA/line_buffer/tb_line_buffer.sv" Line 89
=== Window at valid ===
Row 0: 14 15 16 17 18 
Row 1: 42 43 44 45 46 
Row 2: 70 71 72 73 74 
Row 3: 98 99 100 101 102 
Row 4: 126 127 128 129 130 

o_if_x: 14o_if_y: 0
$finish called at time : 1335 ns : File "/home/goeun/gitHub/Braille_generator_FPGA/line_buffer/tb_line_buffer.sv" Line 89
=== Window at valid ===
Row 0: 15 16 17 18 19 
Row 1: 43 44 45 46 47 
Row 2: 71 72 73 74 75 
Row 3: 99 100 101 102 103 
Row 4: 127 128 129 130 131 

o_if_x: 15o_if_y: 0
$finish called at time : 1345 ns : File "/home/goeun/gitHub/Braille_generator_FPGA/line_buffer/tb_line_buffer.sv" Line 89
=== Window at valid ===
Row 0: 16 17 18 19 20 
Row 1: 44 45 46 47 48 
Row 2: 72 73 74 75 76 
Row 3: 100 101 102 103 104 
Row 4: 128 129 130 131 132 

o_if_x: 16o_if_y: 0
$finish called at time : 1355 ns : File "/home/goeun/gitHub/Braille_generator_FPGA/line_buffer/tb_line_buffer.sv" Line 89
=== Window at valid ===
Row 0: 17 18 19 20 21 
Row 1: 45 46 47 48 49 
Row 2: 73 74 75 76 77 
Row 3: 101 102 103 104 105 
Row 4: 129 130 131 132 133 

o_if_x: 17o_if_y: 0
$finish called at time : 1365 ns : File "/home/goeun/gitHub/Braille_generator_FPGA/line_buffer/tb_line_buffer.sv" Line 89
=== Window at valid ===
Row 0: 18 19 20 21 22 
Row 1: 46 47 48 49 50 
Row 2: 74 75 76 77 78 
Row 3: 102 103 104 105 106 
Row 4: 130 131 132 133 134 

o_if_x: 18o_if_y: 0
$finish called at time : 1375 ns : File "/home/goeun/gitHub/Braille_generator_FPGA/line_buffer/tb_line_buffer.sv" Line 89
=== Window at valid ===
Row 0: 19 20 21 22 23 
Row 1: 47 48 49 50 51 
Row 2: 75 76 77 78 79 
Row 3: 103 104 105 106 107 
Row 4: 131 132 133 134 135 

o_if_x: 19o_if_y: 0
$finish called at time : 1385 ns : File "/home/goeun/gitHub/Braille_generator_FPGA/line_buffer/tb_line_buffer.sv" Line 89
=== Window at valid ===
Row 0: 20 21 22 23 24 
Row 1: 48 49 50 51 52 
Row 2: 76 77 78 79 80 
Row 3: 104 105 106 107 108 
Row 4: 132 133 134 135 136 

o_if_x: 20o_if_y: 0
$finish called at time : 1395 ns : File "/home/goeun/gitHub/Braille_generator_FPGA/line_buffer/tb_line_buffer.sv" Line 89
=== Window at valid ===
Row 0: 21 22 23 24 25 
Row 1: 49 50 51 52 53 
Row 2: 77 78 79 80 81 
Row 3: 105 106 107 108 109 
Row 4: 133 134 135 136 137 

o_if_x: 21o_if_y: 0
$finish called at time : 1405 ns : File "/home/goeun/gitHub/Braille_generator_FPGA/line_buffer/tb_line_buffer.sv" Line 89
=== Window at valid ===
Row 0: 22 23 24 25 26 
Row 1: 50 51 52 53 54 
Row 2: 78 79 80 81 82 
Row 3: 106 107 108 109 110 
Row 4: 134 135 136 137 138 

o_if_x: 22o_if_y: 0
$finish called at time : 1415 ns : File "/home/goeun/gitHub/Braille_generator_FPGA/line_buffer/tb_line_buffer.sv" Line 89
=== Window at valid ===
Row 0: 23 24 25 26 27 
Row 1: 51 52 53 54 55 
Row 2: 79 80 81 82 83 
Row 3: 107 108 109 110 111 
Row 4: 135 136 137 138 139 

o_if_x: 23o_if_y: 0
$finish called at time : 1425 ns : File "/home/goeun/gitHub/Braille_generator_FPGA/line_buffer/tb_line_buffer.sv" Line 89
=== Window at valid ===
Row 0: 23 24 25 26 27 
Row 1: 51 52 53 54 55 
Row 2: 79 80 81 82 83 
Row 3: 107 108 109 110 111 
Row 4: 135 136 137 138 139 

o_if_x: 23o_if_y: 0
$finish called at time : 1475 ns : File "/home/goeun/gitHub/Braille_generator_FPGA/line_buffer/tb_line_buffer.sv" Line 89
=== Window at valid ===
Row 0: 29 30 31 32 33 
Row 1: 57 58 59 60 61 
Row 2: 85 86 87 88 89 
Row 3: 113 114 115 116 117 
Row 4: 141 142 143 144 145 

o_if_x: 1o_if_y: 1
$finish called at time : 1485 ns : File "/home/goeun/gitHub/Braille_generator_FPGA/line_buffer/tb_line_buffer.sv" Line 89
